<?xml version="1.0" encoding="UTF-8"?>
<!-- Generated by org.testng.reporters.JUnitReportReporter -->
<testsuite hostname="Priyanka-QA" name="com.resreqapitest.qa.com.TestGetRequest" tests="1" failures="0" timestamp="22 Jan 2020 09:57:09 GMT" time="1.960" errors="0">
  <testcase name="getAPI" time="1.960" classname="com.resreqapitest.qa.com.TestGetRequest"/>
</testsuite>
